c:\users\student\desktop\c++game\3dpersonalproject000\3dpersonalproject000\debug\vc142.pdb
c:\users\student\desktop\c++game\3dpersonalproject000\3dpersonalproject000\debug\vc142.idb
c:\users\student\desktop\c++game\3dpersonalproject000\3dpersonalproject000\debug\manager.obj
c:\users\student\desktop\c++game\3dpersonalproject000\3dpersonalproject000\debug\main.obj
c:\users\student\desktop\c++game\3dpersonalproject000\3dpersonalproject000\debug\magiccircle.obj
c:\users\student\desktop\c++game\3dpersonalproject000\3dpersonalproject000\debug\loadmodeldata.obj
c:\users\student\desktop\c++game\3dpersonalproject000\3dpersonalproject000\debug\light.obj
c:\users\student\desktop\c++game\3dpersonalproject000\3dpersonalproject000\debug\keyboard.obj
c:\users\student\desktop\c++game\3dpersonalproject000\3dpersonalproject000\debug\joystick.obj
c:\users\student\desktop\c++game\3dpersonalproject000\3dpersonalproject000\debug\input.obj
c:\users\student\desktop\c++game\3dpersonalproject000\3dpersonalproject000\debug\hiteffect.obj
c:\users\student\desktop\c++game\3dpersonalproject000\3dpersonalproject000\debug\gameover.obj
c:\users\student\desktop\c++game\3dpersonalproject000\3dpersonalproject000\debug\game.obj
c:\users\student\desktop\c++game\3dpersonalproject000\3dpersonalproject000\debug\fire.obj
c:\users\student\desktop\c++game\3dpersonalproject000\3dpersonalproject000\debug\fade.obj
c:\users\student\desktop\c++game\3dpersonalproject000\3dpersonalproject000\debug\enemydeatheffect.obj
c:\users\student\desktop\c++game\3dpersonalproject000\3dpersonalproject000\debug\enemy.obj
c:\users\student\desktop\c++game\3dpersonalproject000\3dpersonalproject000\debug\debugcollision.obj
c:\users\student\desktop\c++game\3dpersonalproject000\3dpersonalproject000\debug\collision.obj
c:\users\student\desktop\c++game\3dpersonalproject000\3dpersonalproject000\debug\character.obj
c:\users\student\desktop\c++game\3dpersonalproject000\3dpersonalproject000\debug\camera.obj
c:\users\student\desktop\c++game\3dpersonalproject000\3dpersonalproject000\debug\billboard.obj
c:\users\student\desktop\c++game\3dpersonalproject000\3dpersonalproject000\debug\ui.obj
c:\users\student\desktop\c++game\3dpersonalproject000\3dpersonalproject000\debug\tutorial.obj
c:\users\student\desktop\c++game\3dpersonalproject000\3dpersonalproject000\debug\title.obj
c:\users\student\desktop\c++game\3dpersonalproject000\3dpersonalproject000\debug\swordeffect.obj
c:\users\student\desktop\c++game\3dpersonalproject000\3dpersonalproject000\debug\sound.obj
c:\users\student\desktop\c++game\3dpersonalproject000\3dpersonalproject000\debug\slash.obj
c:\users\student\desktop\c++game\3dpersonalproject000\3dpersonalproject000\debug\skybox.obj
c:\users\student\desktop\c++game\3dpersonalproject000\3dpersonalproject000\debug\scene3d.obj
c:\users\student\desktop\c++game\3dpersonalproject000\3dpersonalproject000\debug\scene2d.obj
c:\users\student\desktop\c++game\3dpersonalproject000\3dpersonalproject000\debug\scene.obj
c:\users\student\desktop\c++game\3dpersonalproject000\3dpersonalproject000\debug\result.obj
c:\users\student\desktop\c++game\3dpersonalproject000\3dpersonalproject000\debug\renderer.obj
c:\users\student\desktop\c++game\3dpersonalproject000\3dpersonalproject000\debug\player.obj
c:\users\student\desktop\c++game\3dpersonalproject000\3dpersonalproject000\debug\particle.obj
c:\users\student\desktop\c++game\3dpersonalproject000\3dpersonalproject000\debug\mouse.obj
c:\users\student\desktop\c++game\3dpersonalproject000\3dpersonalproject000\debug\motion.obj
c:\users\student\desktop\c++game\3dpersonalproject000\3dpersonalproject000\debug\model.obj
c:\users\student\desktop\c++game\3dpersonalproject000\3dpersonalproject000\debug\mode.obj
c:\users\student\desktop\c++game\3dpersonalproject000\3dpersonalproject000\debug\map.obj
c:\users\student\desktop\c++game\3dpersonalproject000\debug\3dpersonalproject000.ilk
c:\users\student\desktop\c++game\3dpersonalproject000\debug\3dpersonalproject000.exe
c:\users\student\desktop\c++game\3dpersonalproject000\debug\3dpersonalproject000.pdb
c:\users\student\desktop\c++game\3dpersonalproject000\3dpersonalproject000\debug\3dperson.2eda4807.tlog\cl.command.1.tlog
c:\users\student\desktop\c++game\3dpersonalproject000\3dpersonalproject000\debug\3dperson.2eda4807.tlog\cl.read.1.tlog
c:\users\student\desktop\c++game\3dpersonalproject000\3dpersonalproject000\debug\3dperson.2eda4807.tlog\cl.write.1.tlog
c:\users\student\desktop\c++game\3dpersonalproject000\3dpersonalproject000\debug\3dperson.2eda4807.tlog\link.command.1.tlog
c:\users\student\desktop\c++game\3dpersonalproject000\3dpersonalproject000\debug\3dperson.2eda4807.tlog\link.read.1.tlog
c:\users\student\desktop\c++game\3dpersonalproject000\3dpersonalproject000\debug\3dperson.2eda4807.tlog\link.write.1.tlog
