c:\users\student\desktop\c++game\3dpersonalproject000\3dpersonalproject000\release\vc142.pdb
c:\users\student\desktop\c++game\3dpersonalproject000\3dpersonalproject000\release\player.obj
c:\users\student\desktop\c++game\3dpersonalproject000\3dpersonalproject000\release\motion.obj
c:\users\student\desktop\c++game\3dpersonalproject000\3dpersonalproject000\release\model.obj
c:\users\student\desktop\c++game\3dpersonalproject000\3dpersonalproject000\release\mode.obj
c:\users\student\desktop\c++game\3dpersonalproject000\3dpersonalproject000\release\map.obj
c:\users\student\desktop\c++game\3dpersonalproject000\3dpersonalproject000\release\manager.obj
c:\users\student\desktop\c++game\3dpersonalproject000\3dpersonalproject000\release\main.obj
c:\users\student\desktop\c++game\3dpersonalproject000\3dpersonalproject000\release\loadmodeldata.obj
c:\users\student\desktop\c++game\3dpersonalproject000\3dpersonalproject000\release\light.obj
c:\users\student\desktop\c++game\3dpersonalproject000\3dpersonalproject000\release\keyboard.obj
c:\users\student\desktop\c++game\3dpersonalproject000\3dpersonalproject000\release\joystick.obj
c:\users\student\desktop\c++game\3dpersonalproject000\3dpersonalproject000\release\input.obj
c:\users\student\desktop\c++game\3dpersonalproject000\3dpersonalproject000\release\gameover.obj
c:\users\student\desktop\c++game\3dpersonalproject000\3dpersonalproject000\release\game.obj
c:\users\student\desktop\c++game\3dpersonalproject000\3dpersonalproject000\release\fade.obj
c:\users\student\desktop\c++game\3dpersonalproject000\3dpersonalproject000\release\debugcollision.obj
c:\users\student\desktop\c++game\3dpersonalproject000\3dpersonalproject000\release\collision.obj
c:\users\student\desktop\c++game\3dpersonalproject000\3dpersonalproject000\release\character.obj
c:\users\student\desktop\c++game\3dpersonalproject000\3dpersonalproject000\release\camera.obj
c:\users\student\desktop\c++game\3dpersonalproject000\3dpersonalproject000\release\billboard.obj
c:\users\student\desktop\c++game\3dpersonalproject000\3dpersonalproject000\release\ui.obj
c:\users\student\desktop\c++game\3dpersonalproject000\3dpersonalproject000\release\tutorial.obj
c:\users\student\desktop\c++game\3dpersonalproject000\3dpersonalproject000\release\title.obj
c:\users\student\desktop\c++game\3dpersonalproject000\3dpersonalproject000\release\sound.obj
c:\users\student\desktop\c++game\3dpersonalproject000\3dpersonalproject000\release\skybox.obj
c:\users\student\desktop\c++game\3dpersonalproject000\3dpersonalproject000\release\scene3d.obj
c:\users\student\desktop\c++game\3dpersonalproject000\3dpersonalproject000\release\scene2d.obj
c:\users\student\desktop\c++game\3dpersonalproject000\3dpersonalproject000\release\scene.obj
c:\users\student\desktop\c++game\3dpersonalproject000\3dpersonalproject000\release\result.obj
c:\users\student\desktop\c++game\3dpersonalproject000\3dpersonalproject000\release\renderer.obj
c:\users\student\desktop\c++game\3dpersonalproject000\3dpersonalproject000\release\swordeffect.obj
c:\users\student\desktop\c++game\3dpersonalproject000\3dpersonalproject000\release\slash.obj
c:\users\student\desktop\c++game\3dpersonalproject000\3dpersonalproject000\release\particle.obj
c:\users\student\desktop\c++game\3dpersonalproject000\3dpersonalproject000\release\magiccircle.obj
c:\users\student\desktop\c++game\3dpersonalproject000\3dpersonalproject000\release\hiteffect.obj
c:\users\student\desktop\c++game\3dpersonalproject000\3dpersonalproject000\release\fire.obj
c:\users\student\desktop\c++game\3dpersonalproject000\3dpersonalproject000\release\enemydeatheffect.obj
c:\users\student\desktop\c++game\3dpersonalproject000\3dpersonalproject000\release\enemy.obj
c:\users\student\desktop\c++game\3dpersonalproject000\release\3dpersonalproject000.exe
c:\users\student\desktop\c++game\3dpersonalproject000\3dpersonalproject000\release\3dpersonalproject000.iobj
c:\users\student\desktop\c++game\3dpersonalproject000\release\3dpersonalproject000.pdb
c:\users\student\desktop\c++game\3dpersonalproject000\3dpersonalproject000\release\3dpersonalproject000.ipdb
c:\users\student\desktop\c++game\3dpersonalproject000\3dpersonalproject000\release\3dperson.2eda4807.tlog\cl.command.1.tlog
c:\users\student\desktop\c++game\3dpersonalproject000\3dpersonalproject000\release\3dperson.2eda4807.tlog\cl.read.1.tlog
c:\users\student\desktop\c++game\3dpersonalproject000\3dpersonalproject000\release\3dperson.2eda4807.tlog\cl.write.1.tlog
c:\users\student\desktop\c++game\3dpersonalproject000\3dpersonalproject000\release\3dperson.2eda4807.tlog\link.command.1.tlog
c:\users\student\desktop\c++game\3dpersonalproject000\3dpersonalproject000\release\3dperson.2eda4807.tlog\link.read.1.tlog
c:\users\student\desktop\c++game\3dpersonalproject000\3dpersonalproject000\release\3dperson.2eda4807.tlog\link.write.1.tlog
